<?xml version="1.0" encoding="UTF-8"?>
<testng-results ignored="0" total="40" passed="40" failed="0" skipped="0">
  <reporter-output>
  </reporter-output>
  <suite started-at="2023-09-30T23:33:47 EDT" name="Suite" finished-at="2023-09-30T23:36:16 EDT" duration-ms="148969">
    <groups>
      <group name="cucumber">
        <method signature="AbstractTestNGCucumberTests.runScenario(io.cucumber.testng.PickleWrapper,io.cucumber.testng.FeatureWrapper)[pri:0, instance:runner.TestngTestRunner@1cf56a1c]" name="runScenario" class="io.cucumber.testng.AbstractTestNGCucumberTests"/>
      </group> <!-- cucumber -->
    </groups>
    <test started-at="2023-09-30T23:33:47 EDT" name="Test" finished-at="2023-09-30T23:36:16 EDT" duration-ms="148969">
      <class name="runner.TestngTestRunner">
        <test-method is-config="true" signature="setUpClass(org.testng.ITestContext)[pri:0, instance:runner.TestngTestRunner@1cf56a1c]" started-at="2023-09-30T23:33:47 EDT" name="setUpClass" finished-at="2023-09-30T23:33:48 EDT" duration-ms="501" status="PASS">
          <params>
            <param index="0">
              <value>
                <![CDATA[org.testng.TestRunner@2ba0948f]]>
              </value>
            </param>
          </params>
          <reporter-output>
          </reporter-output>
        </test-method> <!-- setUpClass -->
        <test-method signature="runScenario(io.cucumber.testng.PickleWrapper,io.cucumber.testng.FeatureWrapper)[pri:0, instance:runner.TestngTestRunner@1cf56a1c]" started-at="2023-09-30T23:33:48 EDT" name="runScenario" description="Runs Cucumber Scenarios" data-provider="scenarios" finished-at="2023-09-30T23:33:51 EDT" duration-ms="2740" status="PASS">
          <params>
            <param index="0">
              <value>
                <![CDATA["User launch home page of dsalgo project"]]>
              </value>
            </param>
            <param index="1">
              <value>
                <![CDATA["User launch ds application and test Home Page"]]>
              </value>
            </param>
          </params>
          <reporter-output>
          </reporter-output>
        </test-method> <!-- runScenario -->
        <test-method signature="runScenario(io.cucumber.testng.PickleWrapper,io.cucumber.testng.FeatureWrapper)[pri:0, instance:runner.TestngTestRunner@1cf56a1c]" started-at="2023-09-30T23:33:51 EDT" name="runScenario" description="Runs Cucumber Scenarios" data-provider="scenarios" finished-at="2023-09-30T23:33:53 EDT" duration-ms="2387" status="PASS">
          <params>
            <param index="0">
              <value>
                <![CDATA["User clicks on Register link and provide required fields and click on Register button"]]>
              </value>
            </param>
            <param index="1">
              <value>
                <![CDATA["Registration page automation"]]>
              </value>
            </param>
          </params>
          <reporter-output>
          </reporter-output>
        </test-method> <!-- runScenario -->
        <test-method signature="runScenario(io.cucumber.testng.PickleWrapper,io.cucumber.testng.FeatureWrapper)[pri:0, instance:runner.TestngTestRunner@1cf56a1c]" started-at="2023-09-30T23:33:53 EDT" name="runScenario" description="Runs Cucumber Scenarios" data-provider="scenarios" finished-at="2023-09-30T23:33:55 EDT" duration-ms="2209" status="PASS">
          <params>
            <param index="0">
              <value>
                <![CDATA["User give valid username and password and logged into the application"]]>
              </value>
            </param>
            <param index="1">
              <value>
                <![CDATA["Implementing data driven for login functionality"]]>
              </value>
            </param>
          </params>
          <reporter-output>
          </reporter-output>
        </test-method> <!-- runScenario -->
        <test-method signature="runScenario(io.cucumber.testng.PickleWrapper,io.cucumber.testng.FeatureWrapper)[pri:0, instance:runner.TestngTestRunner@1cf56a1c]" started-at="2023-09-30T23:33:55 EDT" name="runScenario" description="Runs Cucumber Scenarios" data-provider="scenarios" finished-at="2023-09-30T23:33:58 EDT" duration-ms="2381" status="PASS">
          <params>
            <param index="0">
              <value>
                <![CDATA["User give valid username and password and logged into the application"]]>
              </value>
            </param>
            <param index="1">
              <value>
                <![CDATA["Implementing data driven for login functionality"]]>
              </value>
            </param>
          </params>
          <reporter-output>
          </reporter-output>
        </test-method> <!-- runScenario -->
        <test-method signature="runScenario(io.cucumber.testng.PickleWrapper,io.cucumber.testng.FeatureWrapper)[pri:0, instance:runner.TestngTestRunner@1cf56a1c]" started-at="2023-09-30T23:33:58 EDT" name="runScenario" description="Runs Cucumber Scenarios" data-provider="scenarios" finished-at="2023-09-30T23:34:00 EDT" duration-ms="2326" status="PASS">
          <params>
            <param index="0">
              <value>
                <![CDATA["User give valid username and password and logged into the application"]]>
              </value>
            </param>
            <param index="1">
              <value>
                <![CDATA["Implementing data driven for login functionality"]]>
              </value>
            </param>
          </params>
          <reporter-output>
          </reporter-output>
        </test-method> <!-- runScenario -->
        <test-method signature="runScenario(io.cucumber.testng.PickleWrapper,io.cucumber.testng.FeatureWrapper)[pri:0, instance:runner.TestngTestRunner@1cf56a1c]" started-at="2023-09-30T23:34:00 EDT" name="runScenario" description="Runs Cucumber Scenarios" data-provider="scenarios" finished-at="2023-09-30T23:34:05 EDT" duration-ms="5024" status="PASS">
          <params>
            <param index="0">
              <value>
                <![CDATA["Verifying DataStructure textbox editor with valid Python code"]]>
              </value>
            </param>
            <param index="1">
              <value>
                <![CDATA["Automating data structure introduction page"]]>
              </value>
            </param>
          </params>
          <reporter-output>
          </reporter-output>
        </test-method> <!-- runScenario -->
        <test-method signature="runScenario(io.cucumber.testng.PickleWrapper,io.cucumber.testng.FeatureWrapper)[pri:0, instance:runner.TestngTestRunner@1cf56a1c]" started-at="2023-09-30T23:34:05 EDT" name="runScenario" description="Runs Cucumber Scenarios" data-provider="scenarios" finished-at="2023-09-30T23:34:09 EDT" duration-ms="4179" status="PASS">
          <params>
            <param index="0">
              <value>
                <![CDATA["Checking the functionality of Arrays in Python link"]]>
              </value>
            </param>
            <param index="1">
              <value>
                <![CDATA["Verifying the Array functionalities"]]>
              </value>
            </param>
          </params>
          <reporter-output>
          </reporter-output>
        </test-method> <!-- runScenario -->
        <test-method signature="runScenario(io.cucumber.testng.PickleWrapper,io.cucumber.testng.FeatureWrapper)[pri:0, instance:runner.TestngTestRunner@1cf56a1c]" started-at="2023-09-30T23:34:09 EDT" name="runScenario" description="Runs Cucumber Scenarios" data-provider="scenarios" finished-at="2023-09-30T23:34:13 EDT" duration-ms="3983" status="PASS">
          <params>
            <param index="0">
              <value>
                <![CDATA["Checking the functionality of Array Using List"]]>
              </value>
            </param>
            <param index="1">
              <value>
                <![CDATA["Verifying the Array functionalities"]]>
              </value>
            </param>
          </params>
          <reporter-output>
          </reporter-output>
        </test-method> <!-- runScenario -->
        <test-method signature="runScenario(io.cucumber.testng.PickleWrapper,io.cucumber.testng.FeatureWrapper)[pri:0, instance:runner.TestngTestRunner@1cf56a1c]" started-at="2023-09-30T23:34:13 EDT" name="runScenario" description="Runs Cucumber Scenarios" data-provider="scenarios" finished-at="2023-09-30T23:34:17 EDT" duration-ms="4010" status="PASS">
          <params>
            <param index="0">
              <value>
                <![CDATA["Checking the functionality of Basic Operations in Lists"]]>
              </value>
            </param>
            <param index="1">
              <value>
                <![CDATA["Verifying the Array functionalities"]]>
              </value>
            </param>
          </params>
          <reporter-output>
          </reporter-output>
        </test-method> <!-- runScenario -->
        <test-method signature="runScenario(io.cucumber.testng.PickleWrapper,io.cucumber.testng.FeatureWrapper)[pri:0, instance:runner.TestngTestRunner@1cf56a1c]" started-at="2023-09-30T23:34:17 EDT" name="runScenario" description="Runs Cucumber Scenarios" data-provider="scenarios" finished-at="2023-09-30T23:34:21 EDT" duration-ms="3905" status="PASS">
          <params>
            <param index="0">
              <value>
                <![CDATA["Checking the functionality of Applications of Array"]]>
              </value>
            </param>
            <param index="1">
              <value>
                <![CDATA["Verifying the Array functionalities"]]>
              </value>
            </param>
          </params>
          <reporter-output>
          </reporter-output>
        </test-method> <!-- runScenario -->
        <test-method signature="runScenario(io.cucumber.testng.PickleWrapper,io.cucumber.testng.FeatureWrapper)[pri:0, instance:runner.TestngTestRunner@1cf56a1c]" started-at="2023-09-30T23:34:21 EDT" name="runScenario" description="Runs Cucumber Scenarios" data-provider="scenarios" finished-at="2023-09-30T23:34:25 EDT" duration-ms="3580" status="PASS">
          <params>
            <param index="0">
              <value>
                <![CDATA["Testing Introduction link in Linked List"]]>
              </value>
            </param>
            <param index="1">
              <value>
                <![CDATA["Verifying Linked List functionalities"]]>
              </value>
            </param>
          </params>
          <reporter-output>
          </reporter-output>
        </test-method> <!-- runScenario -->
        <test-method signature="runScenario(io.cucumber.testng.PickleWrapper,io.cucumber.testng.FeatureWrapper)[pri:0, instance:runner.TestngTestRunner@1cf56a1c]" started-at="2023-09-30T23:34:25 EDT" name="runScenario" description="Runs Cucumber Scenarios" data-provider="scenarios" finished-at="2023-09-30T23:34:28 EDT" duration-ms="3712" status="PASS">
          <params>
            <param index="0">
              <value>
                <![CDATA["Testing Creating Linked List link in Linked List"]]>
              </value>
            </param>
            <param index="1">
              <value>
                <![CDATA["Verifying Linked List functionalities"]]>
              </value>
            </param>
          </params>
          <reporter-output>
          </reporter-output>
        </test-method> <!-- runScenario -->
        <test-method signature="runScenario(io.cucumber.testng.PickleWrapper,io.cucumber.testng.FeatureWrapper)[pri:0, instance:runner.TestngTestRunner@1cf56a1c]" started-at="2023-09-30T23:34:28 EDT" name="runScenario" description="Runs Cucumber Scenarios" data-provider="scenarios" finished-at="2023-09-30T23:34:32 EDT" duration-ms="3701" status="PASS">
          <params>
            <param index="0">
              <value>
                <![CDATA["Testing Types Of LinkedList link in Linked List"]]>
              </value>
            </param>
            <param index="1">
              <value>
                <![CDATA["Verifying Linked List functionalities"]]>
              </value>
            </param>
          </params>
          <reporter-output>
          </reporter-output>
        </test-method> <!-- runScenario -->
        <test-method signature="runScenario(io.cucumber.testng.PickleWrapper,io.cucumber.testng.FeatureWrapper)[pri:0, instance:runner.TestngTestRunner@1cf56a1c]" started-at="2023-09-30T23:34:32 EDT" name="runScenario" description="Runs Cucumber Scenarios" data-provider="scenarios" finished-at="2023-09-30T23:34:36 EDT" duration-ms="3613" status="PASS">
          <params>
            <param index="0">
              <value>
                <![CDATA["Testing Implement LinkedList in Python link in Linked List"]]>
              </value>
            </param>
            <param index="1">
              <value>
                <![CDATA["Verifying Linked List functionalities"]]>
              </value>
            </param>
          </params>
          <reporter-output>
          </reporter-output>
        </test-method> <!-- runScenario -->
        <test-method signature="runScenario(io.cucumber.testng.PickleWrapper,io.cucumber.testng.FeatureWrapper)[pri:0, instance:runner.TestngTestRunner@1cf56a1c]" started-at="2023-09-30T23:34:36 EDT" name="runScenario" description="Runs Cucumber Scenarios" data-provider="scenarios" finished-at="2023-09-30T23:34:40 EDT" duration-ms="3740" status="PASS">
          <params>
            <param index="0">
              <value>
                <![CDATA["Testing Traversal link in Linked List"]]>
              </value>
            </param>
            <param index="1">
              <value>
                <![CDATA["Verifying Linked List functionalities"]]>
              </value>
            </param>
          </params>
          <reporter-output>
          </reporter-output>
        </test-method> <!-- runScenario -->
        <test-method signature="runScenario(io.cucumber.testng.PickleWrapper,io.cucumber.testng.FeatureWrapper)[pri:0, instance:runner.TestngTestRunner@1cf56a1c]" started-at="2023-09-30T23:34:40 EDT" name="runScenario" description="Runs Cucumber Scenarios" data-provider="scenarios" finished-at="2023-09-30T23:34:43 EDT" duration-ms="3660" status="PASS">
          <params>
            <param index="0">
              <value>
                <![CDATA["Testing Insertion link in Linked List"]]>
              </value>
            </param>
            <param index="1">
              <value>
                <![CDATA["Verifying Linked List functionalities"]]>
              </value>
            </param>
          </params>
          <reporter-output>
          </reporter-output>
        </test-method> <!-- runScenario -->
        <test-method signature="runScenario(io.cucumber.testng.PickleWrapper,io.cucumber.testng.FeatureWrapper)[pri:0, instance:runner.TestngTestRunner@1cf56a1c]" started-at="2023-09-30T23:34:43 EDT" name="runScenario" description="Runs Cucumber Scenarios" data-provider="scenarios" finished-at="2023-09-30T23:34:47 EDT" duration-ms="3964" status="PASS">
          <params>
            <param index="0">
              <value>
                <![CDATA["Testing Deletion link in Linked List"]]>
              </value>
            </param>
            <param index="1">
              <value>
                <![CDATA["Verifying Linked List functionalities"]]>
              </value>
            </param>
          </params>
          <reporter-output>
          </reporter-output>
        </test-method> <!-- runScenario -->
        <test-method signature="runScenario(io.cucumber.testng.PickleWrapper,io.cucumber.testng.FeatureWrapper)[pri:0, instance:runner.TestngTestRunner@1cf56a1c]" started-at="2023-09-30T23:34:47 EDT" name="runScenario" description="Runs Cucumber Scenarios" data-provider="scenarios" finished-at="2023-09-30T23:34:51 EDT" duration-ms="3767" status="PASS">
          <params>
            <param index="0">
              <value>
                <![CDATA["Testing Operations in Stack link of Stack"]]>
              </value>
            </param>
            <param index="1">
              <value>
                <![CDATA["Verifying Stack functionalities"]]>
              </value>
            </param>
          </params>
          <reporter-output>
          </reporter-output>
        </test-method> <!-- runScenario -->
        <test-method signature="runScenario(io.cucumber.testng.PickleWrapper,io.cucumber.testng.FeatureWrapper)[pri:0, instance:runner.TestngTestRunner@1cf56a1c]" started-at="2023-09-30T23:34:51 EDT" name="runScenario" description="Runs Cucumber Scenarios" data-provider="scenarios" finished-at="2023-09-30T23:34:54 EDT" duration-ms="3576" status="PASS">
          <params>
            <param index="0">
              <value>
                <![CDATA["Testing Creating Implementation link in Stack"]]>
              </value>
            </param>
            <param index="1">
              <value>
                <![CDATA["Verifying Stack functionalities"]]>
              </value>
            </param>
          </params>
          <reporter-output>
          </reporter-output>
        </test-method> <!-- runScenario -->
        <test-method signature="runScenario(io.cucumber.testng.PickleWrapper,io.cucumber.testng.FeatureWrapper)[pri:0, instance:runner.TestngTestRunner@1cf56a1c]" started-at="2023-09-30T23:34:54 EDT" name="runScenario" description="Runs Cucumber Scenarios" data-provider="scenarios" finished-at="2023-09-30T23:35:01 EDT" duration-ms="6435" status="PASS">
          <params>
            <param index="0">
              <value>
                <![CDATA["Testing Applications in Stack"]]>
              </value>
            </param>
            <param index="1">
              <value>
                <![CDATA["Verifying Stack functionalities"]]>
              </value>
            </param>
          </params>
          <reporter-output>
          </reporter-output>
        </test-method> <!-- runScenario -->
        <test-method signature="runScenario(io.cucumber.testng.PickleWrapper,io.cucumber.testng.FeatureWrapper)[pri:0, instance:runner.TestngTestRunner@1cf56a1c]" started-at="2023-09-30T23:35:01 EDT" name="runScenario" description="Runs Cucumber Scenarios" data-provider="scenarios" finished-at="2023-09-30T23:35:06 EDT" duration-ms="5271" status="PASS">
          <params>
            <param index="0">
              <value>
                <![CDATA["Testing Operations in Implementation of Queue in Python link of Queue"]]>
              </value>
            </param>
            <param index="1">
              <value>
                <![CDATA["Verifying Queue functionalities"]]>
              </value>
            </param>
          </params>
          <reporter-output>
          </reporter-output>
        </test-method> <!-- runScenario -->
        <test-method signature="runScenario(io.cucumber.testng.PickleWrapper,io.cucumber.testng.FeatureWrapper)[pri:0, instance:runner.TestngTestRunner@1cf56a1c]" started-at="2023-09-30T23:35:06 EDT" name="runScenario" description="Runs Cucumber Scenarios" data-provider="scenarios" finished-at="2023-09-30T23:35:10 EDT" duration-ms="3581" status="PASS">
          <params>
            <param index="0">
              <value>
                <![CDATA["Testing Creating Implementationusingcollectionsdeque in Queue"]]>
              </value>
            </param>
            <param index="1">
              <value>
                <![CDATA["Verifying Queue functionalities"]]>
              </value>
            </param>
          </params>
          <reporter-output>
          </reporter-output>
        </test-method> <!-- runScenario -->
        <test-method signature="runScenario(io.cucumber.testng.PickleWrapper,io.cucumber.testng.FeatureWrapper)[pri:0, instance:runner.TestngTestRunner@1cf56a1c]" started-at="2023-09-30T23:35:10 EDT" name="runScenario" description="Runs Cucumber Scenarios" data-provider="scenarios" finished-at="2023-09-30T23:35:14 EDT" duration-ms="3833" status="PASS">
          <params>
            <param index="0">
              <value>
                <![CDATA["Testing Implementationusingarray in Queue"]]>
              </value>
            </param>
            <param index="1">
              <value>
                <![CDATA["Verifying Queue functionalities"]]>
              </value>
            </param>
          </params>
          <reporter-output>
          </reporter-output>
        </test-method> <!-- runScenario -->
        <test-method signature="runScenario(io.cucumber.testng.PickleWrapper,io.cucumber.testng.FeatureWrapper)[pri:0, instance:runner.TestngTestRunner@1cf56a1c]" started-at="2023-09-30T23:35:14 EDT" name="runScenario" description="Runs Cucumber Scenarios" data-provider="scenarios" finished-at="2023-09-30T23:35:17 EDT" duration-ms="3810" status="PASS">
          <params>
            <param index="0">
              <value>
                <![CDATA["Testing QueueOperations in Queue"]]>
              </value>
            </param>
            <param index="1">
              <value>
                <![CDATA["Verifying Queue functionalities"]]>
              </value>
            </param>
          </params>
          <reporter-output>
          </reporter-output>
        </test-method> <!-- runScenario -->
        <test-method signature="runScenario(io.cucumber.testng.PickleWrapper,io.cucumber.testng.FeatureWrapper)[pri:0, instance:runner.TestngTestRunner@1cf56a1c]" started-at="2023-09-30T23:35:17 EDT" name="runScenario" description="Runs Cucumber Scenarios" data-provider="scenarios" finished-at="2023-09-30T23:35:21 EDT" duration-ms="3928" status="PASS">
          <params>
            <param index="0">
              <value>
                <![CDATA["Testing OverviewofTrees"]]>
              </value>
            </param>
            <param index="1">
              <value>
                <![CDATA["Verifying Tree functionalities"]]>
              </value>
            </param>
          </params>
          <reporter-output>
          </reporter-output>
        </test-method> <!-- runScenario -->
        <test-method signature="runScenario(io.cucumber.testng.PickleWrapper,io.cucumber.testng.FeatureWrapper)[pri:0, instance:runner.TestngTestRunner@1cf56a1c]" started-at="2023-09-30T23:35:21 EDT" name="runScenario" description="Runs Cucumber Scenarios" data-provider="scenarios" finished-at="2023-09-30T23:35:25 EDT" duration-ms="3668" status="PASS">
          <params>
            <param index="0">
              <value>
                <![CDATA["Testing Terminologies link in Tree"]]>
              </value>
            </param>
            <param index="1">
              <value>
                <![CDATA["Verifying Tree functionalities"]]>
              </value>
            </param>
          </params>
          <reporter-output>
          </reporter-output>
        </test-method> <!-- runScenario -->
        <test-method signature="runScenario(io.cucumber.testng.PickleWrapper,io.cucumber.testng.FeatureWrapper)[pri:0, instance:runner.TestngTestRunner@1cf56a1c]" started-at="2023-09-30T23:35:25 EDT" name="runScenario" description="Runs Cucumber Scenarios" data-provider="scenarios" finished-at="2023-09-30T23:35:30 EDT" duration-ms="4832" status="PASS">
          <params>
            <param index="0">
              <value>
                <![CDATA["Testing TypesofTrees in Tree"]]>
              </value>
            </param>
            <param index="1">
              <value>
                <![CDATA["Verifying Tree functionalities"]]>
              </value>
            </param>
          </params>
          <reporter-output>
          </reporter-output>
        </test-method> <!-- runScenario -->
        <test-method signature="runScenario(io.cucumber.testng.PickleWrapper,io.cucumber.testng.FeatureWrapper)[pri:0, instance:runner.TestngTestRunner@1cf56a1c]" started-at="2023-09-30T23:35:30 EDT" name="runScenario" description="Runs Cucumber Scenarios" data-provider="scenarios" finished-at="2023-09-30T23:35:33 EDT" duration-ms="3452" status="PASS">
          <params>
            <param index="0">
              <value>
                <![CDATA["Testing TreeTraversals in Tree"]]>
              </value>
            </param>
            <param index="1">
              <value>
                <![CDATA["Verifying Tree functionalities"]]>
              </value>
            </param>
          </params>
          <reporter-output>
          </reporter-output>
        </test-method> <!-- runScenario -->
        <test-method signature="runScenario(io.cucumber.testng.PickleWrapper,io.cucumber.testng.FeatureWrapper)[pri:0, instance:runner.TestngTestRunner@1cf56a1c]" started-at="2023-09-30T23:35:33 EDT" name="runScenario" description="Runs Cucumber Scenarios" data-provider="scenarios" finished-at="2023-09-30T23:35:37 EDT" duration-ms="3505" status="PASS">
          <params>
            <param index="0">
              <value>
                <![CDATA["Testing TraversalsIllustration in Tree"]]>
              </value>
            </param>
            <param index="1">
              <value>
                <![CDATA["Verifying Tree functionalities"]]>
              </value>
            </param>
          </params>
          <reporter-output>
          </reporter-output>
        </test-method> <!-- runScenario -->
        <test-method signature="runScenario(io.cucumber.testng.PickleWrapper,io.cucumber.testng.FeatureWrapper)[pri:0, instance:runner.TestngTestRunner@1cf56a1c]" started-at="2023-09-30T23:35:37 EDT" name="runScenario" description="Runs Cucumber Scenarios" data-provider="scenarios" finished-at="2023-09-30T23:35:40 EDT" duration-ms="3601" status="PASS">
          <params>
            <param index="0">
              <value>
                <![CDATA["Testing BinaryTrees in Tree"]]>
              </value>
            </param>
            <param index="1">
              <value>
                <![CDATA["Verifying Tree functionalities"]]>
              </value>
            </param>
          </params>
          <reporter-output>
          </reporter-output>
        </test-method> <!-- runScenario -->
        <test-method signature="runScenario(io.cucumber.testng.PickleWrapper,io.cucumber.testng.FeatureWrapper)[pri:0, instance:runner.TestngTestRunner@1cf56a1c]" started-at="2023-09-30T23:35:40 EDT" name="runScenario" description="Runs Cucumber Scenarios" data-provider="scenarios" finished-at="2023-09-30T23:35:44 EDT" duration-ms="3789" status="PASS">
          <params>
            <param index="0">
              <value>
                <![CDATA["Testing TypesofBinaryTrees in Tree"]]>
              </value>
            </param>
            <param index="1">
              <value>
                <![CDATA["Verifying Tree functionalities"]]>
              </value>
            </param>
          </params>
          <reporter-output>
          </reporter-output>
        </test-method> <!-- runScenario -->
        <test-method signature="runScenario(io.cucumber.testng.PickleWrapper,io.cucumber.testng.FeatureWrapper)[pri:0, instance:runner.TestngTestRunner@1cf56a1c]" started-at="2023-09-30T23:35:44 EDT" name="runScenario" description="Runs Cucumber Scenarios" data-provider="scenarios" finished-at="2023-09-30T23:35:48 EDT" duration-ms="3874" status="PASS">
          <params>
            <param index="0">
              <value>
                <![CDATA["Testing ImplementationinPython in Tree"]]>
              </value>
            </param>
            <param index="1">
              <value>
                <![CDATA["Verifying Tree functionalities"]]>
              </value>
            </param>
          </params>
          <reporter-output>
          </reporter-output>
        </test-method> <!-- runScenario -->
        <test-method signature="runScenario(io.cucumber.testng.PickleWrapper,io.cucumber.testng.FeatureWrapper)[pri:0, instance:runner.TestngTestRunner@1cf56a1c]" started-at="2023-09-30T23:35:48 EDT" name="runScenario" description="Runs Cucumber Scenarios" data-provider="scenarios" finished-at="2023-09-30T23:35:52 EDT" duration-ms="3880" status="PASS">
          <params>
            <param index="0">
              <value>
                <![CDATA["Testing BinaryTreeTraversals in Tree"]]>
              </value>
            </param>
            <param index="1">
              <value>
                <![CDATA["Verifying Tree functionalities"]]>
              </value>
            </param>
          </params>
          <reporter-output>
          </reporter-output>
        </test-method> <!-- runScenario -->
        <test-method signature="runScenario(io.cucumber.testng.PickleWrapper,io.cucumber.testng.FeatureWrapper)[pri:0, instance:runner.TestngTestRunner@1cf56a1c]" started-at="2023-09-30T23:35:52 EDT" name="runScenario" description="Runs Cucumber Scenarios" data-provider="scenarios" finished-at="2023-09-30T23:35:56 EDT" duration-ms="3573" status="PASS">
          <params>
            <param index="0">
              <value>
                <![CDATA["Testing ImplementationofBinaryTrees in Tree"]]>
              </value>
            </param>
            <param index="1">
              <value>
                <![CDATA["Verifying Tree functionalities"]]>
              </value>
            </param>
          </params>
          <reporter-output>
          </reporter-output>
        </test-method> <!-- runScenario -->
        <test-method signature="runScenario(io.cucumber.testng.PickleWrapper,io.cucumber.testng.FeatureWrapper)[pri:0, instance:runner.TestngTestRunner@1cf56a1c]" started-at="2023-09-30T23:35:56 EDT" name="runScenario" description="Runs Cucumber Scenarios" data-provider="scenarios" finished-at="2023-09-30T23:35:59 EDT" duration-ms="3517" status="PASS">
          <params>
            <param index="0">
              <value>
                <![CDATA["Testing ApplicationsofBinaryTrees in Tree"]]>
              </value>
            </param>
            <param index="1">
              <value>
                <![CDATA["Verifying Tree functionalities"]]>
              </value>
            </param>
          </params>
          <reporter-output>
          </reporter-output>
        </test-method> <!-- runScenario -->
        <test-method signature="runScenario(io.cucumber.testng.PickleWrapper,io.cucumber.testng.FeatureWrapper)[pri:0, instance:runner.TestngTestRunner@1cf56a1c]" started-at="2023-09-30T23:35:59 EDT" name="runScenario" description="Runs Cucumber Scenarios" data-provider="scenarios" finished-at="2023-09-30T23:36:04 EDT" duration-ms="4560" status="PASS">
          <params>
            <param index="0">
              <value>
                <![CDATA["Testing BinarySearchTrees in Tree"]]>
              </value>
            </param>
            <param index="1">
              <value>
                <![CDATA["Verifying Tree functionalities"]]>
              </value>
            </param>
          </params>
          <reporter-output>
          </reporter-output>
        </test-method> <!-- runScenario -->
        <test-method signature="runScenario(io.cucumber.testng.PickleWrapper,io.cucumber.testng.FeatureWrapper)[pri:0, instance:runner.TestngTestRunner@1cf56a1c]" started-at="2023-09-30T23:36:04 EDT" name="runScenario" description="Runs Cucumber Scenarios" data-provider="scenarios" finished-at="2023-09-30T23:36:07 EDT" duration-ms="3552" status="PASS">
          <params>
            <param index="0">
              <value>
                <![CDATA["Testing ImplementationofBST in Tree"]]>
              </value>
            </param>
            <param index="1">
              <value>
                <![CDATA["Verifying Tree functionalities"]]>
              </value>
            </param>
          </params>
          <reporter-output>
          </reporter-output>
        </test-method> <!-- runScenario -->
        <test-method signature="runScenario(io.cucumber.testng.PickleWrapper,io.cucumber.testng.FeatureWrapper)[pri:0, instance:runner.TestngTestRunner@1cf56a1c]" started-at="2023-09-30T23:36:07 EDT" name="runScenario" description="Runs Cucumber Scenarios" data-provider="scenarios" finished-at="2023-09-30T23:36:10 EDT" duration-ms="3301" status="PASS">
          <params>
            <param index="0">
              <value>
                <![CDATA["Testing Graph"]]>
              </value>
            </param>
            <param index="1">
              <value>
                <![CDATA["Verifying Graph functionalities"]]>
              </value>
            </param>
          </params>
          <reporter-output>
          </reporter-output>
        </test-method> <!-- runScenario -->
        <test-method signature="runScenario(io.cucumber.testng.PickleWrapper,io.cucumber.testng.FeatureWrapper)[pri:0, instance:runner.TestngTestRunner@1cf56a1c]" started-at="2023-09-30T23:36:11 EDT" name="runScenario" description="Runs Cucumber Scenarios" data-provider="scenarios" finished-at="2023-09-30T23:36:14 EDT" duration-ms="3280" status="PASS">
          <params>
            <param index="0">
              <value>
                <![CDATA["Testing GraphRepresentations"]]>
              </value>
            </param>
            <param index="1">
              <value>
                <![CDATA["Verifying Graph functionalities"]]>
              </value>
            </param>
          </params>
          <reporter-output>
          </reporter-output>
        </test-method> <!-- runScenario -->
        <test-method signature="runScenario(io.cucumber.testng.PickleWrapper,io.cucumber.testng.FeatureWrapper)[pri:0, instance:runner.TestngTestRunner@1cf56a1c]" started-at="2023-09-30T23:36:14 EDT" name="runScenario" description="Runs Cucumber Scenarios" data-provider="scenarios" finished-at="2023-09-30T23:36:16 EDT" duration-ms="2479" status="PASS">
          <params>
            <param index="0">
              <value>
                <![CDATA["Verifying Signout link"]]>
              </value>
            </param>
            <param index="1">
              <value>
                <![CDATA["Automating Signout functionalities"]]>
              </value>
            </param>
          </params>
          <reporter-output>
          </reporter-output>
        </test-method> <!-- runScenario -->
        <test-method is-config="true" signature="tearDownClass()[pri:0, instance:runner.TestngTestRunner@1cf56a1c]" started-at="2023-09-30T23:36:16 EDT" name="tearDownClass" finished-at="2023-09-30T23:36:16 EDT" duration-ms="82" status="PASS">
          <reporter-output>
          </reporter-output>
        </test-method> <!-- tearDownClass -->
      </class> <!-- runner.TestngTestRunner -->
    </test> <!-- Test -->
  </suite> <!-- Suite -->
</testng-results>
