<?xml version="1.0" encoding="UTF-8"?>
<testng-results ignored="0" total="6" passed="6" failed="0" skipped="0">
  <reporter-output>
  </reporter-output>
  <suite started-at="2023-09-25T22:50:07 EDT" name="Suite" finished-at="2023-09-25T22:50:24 EDT" duration-ms="16280">
    <groups>
      <group name="cucumber">
        <method signature="AbstractTestNGCucumberTests.runScenario(io.cucumber.testng.PickleWrapper,io.cucumber.testng.FeatureWrapper)[pri:0, instance:runner.TestngTestRunner@1cf56a1c]" name="runScenario" class="io.cucumber.testng.AbstractTestNGCucumberTests"/>
      </group> <!-- cucumber -->
    </groups>
    <test started-at="2023-09-25T22:50:07 EDT" name="Test" finished-at="2023-09-25T22:50:24 EDT" duration-ms="16280">
      <class name="runner.TestngTestRunner">
        <test-method is-config="true" signature="setUpClass(org.testng.ITestContext)[pri:0, instance:runner.TestngTestRunner@1cf56a1c]" started-at="2023-09-25T22:50:07 EDT" name="setUpClass" finished-at="2023-09-25T22:50:08 EDT" duration-ms="418" status="PASS">
          <params>
            <param index="0">
              <value>
                <![CDATA[org.testng.TestRunner@65b73689]]>
              </value>
            </param>
          </params>
          <reporter-output>
          </reporter-output>
        </test-method> <!-- setUpClass -->
        <test-method signature="runScenario(io.cucumber.testng.PickleWrapper,io.cucumber.testng.FeatureWrapper)[pri:0, instance:runner.TestngTestRunner@1cf56a1c]" started-at="2023-09-25T22:50:08 EDT" name="runScenario" description="Runs Cucumber Scenarios" data-provider="scenarios" finished-at="2023-09-25T22:50:13 EDT" duration-ms="5371" status="PASS">
          <params>
            <param index="0">
              <value>
                <![CDATA["Verifying DataStructure textbox editor with valid Python code"]]>
              </value>
            </param>
            <param index="1">
              <value>
                <![CDATA["Automating data structure introduction page"]]>
              </value>
            </param>
          </params>
          <reporter-output>
          </reporter-output>
        </test-method> <!-- runScenario -->
        <test-method signature="runScenario(io.cucumber.testng.PickleWrapper,io.cucumber.testng.FeatureWrapper)[pri:0, instance:runner.TestngTestRunner@1cf56a1c]" started-at="2023-09-25T22:50:13 EDT" name="runScenario" description="Runs Cucumber Scenarios" data-provider="scenarios" finished-at="2023-09-25T22:50:15 EDT" duration-ms="1687" status="PASS">
          <params>
            <param index="0">
              <value>
                <![CDATA["User launch home page of dsalgo project"]]>
              </value>
            </param>
            <param index="1">
              <value>
                <![CDATA["User launch ds application and test Home Page"]]>
              </value>
            </param>
          </params>
          <reporter-output>
          </reporter-output>
        </test-method> <!-- runScenario -->
        <test-method signature="runScenario(io.cucumber.testng.PickleWrapper,io.cucumber.testng.FeatureWrapper)[pri:0, instance:runner.TestngTestRunner@1cf56a1c]" started-at="2023-09-25T22:50:15 EDT" name="runScenario" description="Runs Cucumber Scenarios" data-provider="scenarios" finished-at="2023-09-25T22:50:17 EDT" duration-ms="2170" status="PASS">
          <params>
            <param index="0">
              <value>
                <![CDATA["User give valid username and password and logged into the application"]]>
              </value>
            </param>
            <param index="1">
              <value>
                <![CDATA["Implementing data driven for login functionality"]]>
              </value>
            </param>
          </params>
          <reporter-output>
          </reporter-output>
        </test-method> <!-- runScenario -->
        <test-method signature="runScenario(io.cucumber.testng.PickleWrapper,io.cucumber.testng.FeatureWrapper)[pri:0, instance:runner.TestngTestRunner@1cf56a1c]" started-at="2023-09-25T22:50:17 EDT" name="runScenario" description="Runs Cucumber Scenarios" data-provider="scenarios" finished-at="2023-09-25T22:50:19 EDT" duration-ms="2124" status="PASS">
          <params>
            <param index="0">
              <value>
                <![CDATA["User give valid username and password and logged into the application"]]>
              </value>
            </param>
            <param index="1">
              <value>
                <![CDATA["Implementing data driven for login functionality"]]>
              </value>
            </param>
          </params>
          <reporter-output>
          </reporter-output>
        </test-method> <!-- runScenario -->
        <test-method signature="runScenario(io.cucumber.testng.PickleWrapper,io.cucumber.testng.FeatureWrapper)[pri:0, instance:runner.TestngTestRunner@1cf56a1c]" started-at="2023-09-25T22:50:19 EDT" name="runScenario" description="Runs Cucumber Scenarios" data-provider="scenarios" finished-at="2023-09-25T22:50:21 EDT" duration-ms="2212" status="PASS">
          <params>
            <param index="0">
              <value>
                <![CDATA["User give valid username and password and logged into the application"]]>
              </value>
            </param>
            <param index="1">
              <value>
                <![CDATA["Implementing data driven for login functionality"]]>
              </value>
            </param>
          </params>
          <reporter-output>
          </reporter-output>
        </test-method> <!-- runScenario -->
        <test-method signature="runScenario(io.cucumber.testng.PickleWrapper,io.cucumber.testng.FeatureWrapper)[pri:0, instance:runner.TestngTestRunner@1cf56a1c]" started-at="2023-09-25T22:50:21 EDT" name="runScenario" description="Runs Cucumber Scenarios" data-provider="scenarios" finished-at="2023-09-25T22:50:24 EDT" duration-ms="2143" status="PASS">
          <params>
            <param index="0">
              <value>
                <![CDATA["User clicks on Register link and provide required fields and click on Register button"]]>
              </value>
            </param>
            <param index="1">
              <value>
                <![CDATA["Registration page automation"]]>
              </value>
            </param>
          </params>
          <reporter-output>
          </reporter-output>
        </test-method> <!-- runScenario -->
        <test-method is-config="true" signature="tearDownClass()[pri:0, instance:runner.TestngTestRunner@1cf56a1c]" started-at="2023-09-25T22:50:24 EDT" name="tearDownClass" finished-at="2023-09-25T22:50:24 EDT" duration-ms="49" status="PASS">
          <reporter-output>
          </reporter-output>
        </test-method> <!-- tearDownClass -->
      </class> <!-- runner.TestngTestRunner -->
    </test> <!-- Test -->
  </suite> <!-- Suite -->
</testng-results>
