<?xml version="1.0" encoding="UTF-8"?>
<testng-results ignored="0" total="40" passed="40" failed="0" skipped="0">
  <reporter-output>
  </reporter-output>
  <suite started-at="2023-10-13T12:14:42 EDT" name="DS_Algo_Suite" finished-at="2023-10-13T12:18:02 EDT" duration-ms="200745">
    <groups>
      <group name="cucumber">
        <method signature="AbstractTestNGCucumberTests.runScenario(io.cucumber.testng.PickleWrapper,io.cucumber.testng.FeatureWrapper)[pri:0, instance:runner.TestngTestRunner@14f232c4]" name="runScenario" class="io.cucumber.testng.AbstractTestNGCucumberTests"/>
      </group> <!-- cucumber -->
    </groups>
    <test started-at="2023-10-13T12:14:42 EDT" name="CucumberTest" finished-at="2023-10-13T12:18:02 EDT" duration-ms="200745">
      <class name="runner.TestngTestRunner">
        <test-method is-config="true" signature="setUpClass(org.testng.ITestContext)[pri:0, instance:runner.TestngTestRunner@14f232c4]" started-at="2023-10-13T12:14:42 EDT" name="setUpClass" finished-at="2023-10-13T12:14:42 EDT" duration-ms="502" status="PASS">
          <params>
            <param index="0">
              <value>
                <![CDATA[org.testng.TestRunner@4465d4ce]]>
              </value>
            </param>
          </params>
          <reporter-output>
          </reporter-output>
        </test-method> <!-- setUpClass -->
        <test-method signature="runScenario(io.cucumber.testng.PickleWrapper,io.cucumber.testng.FeatureWrapper)[pri:0, instance:runner.TestngTestRunner@14f232c4]" started-at="2023-10-13T12:14:42 EDT" name="runScenario" description="Runs Cucumber Scenarios" data-provider="scenarios" finished-at="2023-10-13T12:14:46 EDT" duration-ms="3278" status="PASS">
          <params>
            <param index="0">
              <value>
                <![CDATA["User launch home page of dsalgo project"]]>
              </value>
            </param>
            <param index="1">
              <value>
                <![CDATA["User launch ds application and test Home Page"]]>
              </value>
            </param>
          </params>
          <reporter-output>
          </reporter-output>
        </test-method> <!-- runScenario -->
        <test-method signature="runScenario(io.cucumber.testng.PickleWrapper,io.cucumber.testng.FeatureWrapper)[pri:0, instance:runner.TestngTestRunner@14f232c4]" started-at="2023-10-13T12:14:46 EDT" name="runScenario" description="Runs Cucumber Scenarios" data-provider="scenarios" finished-at="2023-10-13T12:14:48 EDT" duration-ms="2808" status="PASS">
          <params>
            <param index="0">
              <value>
                <![CDATA["User clicks on Register link and provide required fields and click on Register button"]]>
              </value>
            </param>
            <param index="1">
              <value>
                <![CDATA["Registration page automation"]]>
              </value>
            </param>
          </params>
          <reporter-output>
          </reporter-output>
        </test-method> <!-- runScenario -->
        <test-method signature="runScenario(io.cucumber.testng.PickleWrapper,io.cucumber.testng.FeatureWrapper)[pri:0, instance:runner.TestngTestRunner@14f232c4]" started-at="2023-10-13T12:14:48 EDT" name="runScenario" description="Runs Cucumber Scenarios" data-provider="scenarios" finished-at="2023-10-13T12:14:51 EDT" duration-ms="2632" status="PASS">
          <params>
            <param index="0">
              <value>
                <![CDATA["User give valid username and password and logged into the application"]]>
              </value>
            </param>
            <param index="1">
              <value>
                <![CDATA["Implementing data driven for login functionality"]]>
              </value>
            </param>
          </params>
          <reporter-output>
          </reporter-output>
        </test-method> <!-- runScenario -->
        <test-method signature="runScenario(io.cucumber.testng.PickleWrapper,io.cucumber.testng.FeatureWrapper)[pri:0, instance:runner.TestngTestRunner@14f232c4]" started-at="2023-10-13T12:14:51 EDT" name="runScenario" description="Runs Cucumber Scenarios" data-provider="scenarios" finished-at="2023-10-13T12:14:54 EDT" duration-ms="2786" status="PASS">
          <params>
            <param index="0">
              <value>
                <![CDATA["User give valid username and password and logged into the application"]]>
              </value>
            </param>
            <param index="1">
              <value>
                <![CDATA["Implementing data driven for login functionality"]]>
              </value>
            </param>
          </params>
          <reporter-output>
          </reporter-output>
        </test-method> <!-- runScenario -->
        <test-method signature="runScenario(io.cucumber.testng.PickleWrapper,io.cucumber.testng.FeatureWrapper)[pri:0, instance:runner.TestngTestRunner@14f232c4]" started-at="2023-10-13T12:14:54 EDT" name="runScenario" description="Runs Cucumber Scenarios" data-provider="scenarios" finished-at="2023-10-13T12:14:57 EDT" duration-ms="2720" status="PASS">
          <params>
            <param index="0">
              <value>
                <![CDATA["User give valid username and password and logged into the application"]]>
              </value>
            </param>
            <param index="1">
              <value>
                <![CDATA["Implementing data driven for login functionality"]]>
              </value>
            </param>
          </params>
          <reporter-output>
          </reporter-output>
        </test-method> <!-- runScenario -->
        <test-method signature="runScenario(io.cucumber.testng.PickleWrapper,io.cucumber.testng.FeatureWrapper)[pri:0, instance:runner.TestngTestRunner@14f232c4]" started-at="2023-10-13T12:14:57 EDT" name="runScenario" description="Runs Cucumber Scenarios" data-provider="scenarios" finished-at="2023-10-13T12:15:04 EDT" duration-ms="7530" status="PASS">
          <params>
            <param index="0">
              <value>
                <![CDATA["Verifying DataStructure textbox editor with valid Python code"]]>
              </value>
            </param>
            <param index="1">
              <value>
                <![CDATA["Automating data structure introduction page"]]>
              </value>
            </param>
          </params>
          <reporter-output>
          </reporter-output>
        </test-method> <!-- runScenario -->
        <test-method signature="runScenario(io.cucumber.testng.PickleWrapper,io.cucumber.testng.FeatureWrapper)[pri:0, instance:runner.TestngTestRunner@14f232c4]" started-at="2023-10-13T12:15:04 EDT" name="runScenario" description="Runs Cucumber Scenarios" data-provider="scenarios" finished-at="2023-10-13T12:15:09 EDT" duration-ms="5285" status="PASS">
          <params>
            <param index="0">
              <value>
                <![CDATA["Checking the functionality of Arrays in Python link"]]>
              </value>
            </param>
            <param index="1">
              <value>
                <![CDATA["Verifying the Array functionalities"]]>
              </value>
            </param>
          </params>
          <reporter-output>
          </reporter-output>
        </test-method> <!-- runScenario -->
        <test-method signature="runScenario(io.cucumber.testng.PickleWrapper,io.cucumber.testng.FeatureWrapper)[pri:0, instance:runner.TestngTestRunner@14f232c4]" started-at="2023-10-13T12:15:09 EDT" name="runScenario" description="Runs Cucumber Scenarios" data-provider="scenarios" finished-at="2023-10-13T12:15:15 EDT" duration-ms="5712" status="PASS">
          <params>
            <param index="0">
              <value>
                <![CDATA["Checking the functionality of Array Using List"]]>
              </value>
            </param>
            <param index="1">
              <value>
                <![CDATA["Verifying the Array functionalities"]]>
              </value>
            </param>
          </params>
          <reporter-output>
          </reporter-output>
        </test-method> <!-- runScenario -->
        <test-method signature="runScenario(io.cucumber.testng.PickleWrapper,io.cucumber.testng.FeatureWrapper)[pri:0, instance:runner.TestngTestRunner@14f232c4]" started-at="2023-10-13T12:15:15 EDT" name="runScenario" description="Runs Cucumber Scenarios" data-provider="scenarios" finished-at="2023-10-13T12:15:20 EDT" duration-ms="5414" status="PASS">
          <params>
            <param index="0">
              <value>
                <![CDATA["Checking the functionality of Basic Operations in Lists"]]>
              </value>
            </param>
            <param index="1">
              <value>
                <![CDATA["Verifying the Array functionalities"]]>
              </value>
            </param>
          </params>
          <reporter-output>
          </reporter-output>
        </test-method> <!-- runScenario -->
        <test-method signature="runScenario(io.cucumber.testng.PickleWrapper,io.cucumber.testng.FeatureWrapper)[pri:0, instance:runner.TestngTestRunner@14f232c4]" started-at="2023-10-13T12:15:20 EDT" name="runScenario" description="Runs Cucumber Scenarios" data-provider="scenarios" finished-at="2023-10-13T12:15:26 EDT" duration-ms="5982" status="PASS">
          <params>
            <param index="0">
              <value>
                <![CDATA["Checking the functionality of Applications of Array"]]>
              </value>
            </param>
            <param index="1">
              <value>
                <![CDATA["Verifying the Array functionalities"]]>
              </value>
            </param>
          </params>
          <reporter-output>
          </reporter-output>
        </test-method> <!-- runScenario -->
        <test-method signature="runScenario(io.cucumber.testng.PickleWrapper,io.cucumber.testng.FeatureWrapper)[pri:0, instance:runner.TestngTestRunner@14f232c4]" started-at="2023-10-13T12:15:26 EDT" name="runScenario" description="Runs Cucumber Scenarios" data-provider="scenarios" finished-at="2023-10-13T12:15:32 EDT" duration-ms="5245" status="PASS">
          <params>
            <param index="0">
              <value>
                <![CDATA["Testing Introduction link in Linked List"]]>
              </value>
            </param>
            <param index="1">
              <value>
                <![CDATA["Verifying Linked List functionalities"]]>
              </value>
            </param>
          </params>
          <reporter-output>
          </reporter-output>
        </test-method> <!-- runScenario -->
        <test-method signature="runScenario(io.cucumber.testng.PickleWrapper,io.cucumber.testng.FeatureWrapper)[pri:0, instance:runner.TestngTestRunner@14f232c4]" started-at="2023-10-13T12:15:32 EDT" name="runScenario" description="Runs Cucumber Scenarios" data-provider="scenarios" finished-at="2023-10-13T12:15:37 EDT" duration-ms="5384" status="PASS">
          <params>
            <param index="0">
              <value>
                <![CDATA["Testing Creating Linked List link in Linked List"]]>
              </value>
            </param>
            <param index="1">
              <value>
                <![CDATA["Verifying Linked List functionalities"]]>
              </value>
            </param>
          </params>
          <reporter-output>
          </reporter-output>
        </test-method> <!-- runScenario -->
        <test-method signature="runScenario(io.cucumber.testng.PickleWrapper,io.cucumber.testng.FeatureWrapper)[pri:0, instance:runner.TestngTestRunner@14f232c4]" started-at="2023-10-13T12:15:37 EDT" name="runScenario" description="Runs Cucumber Scenarios" data-provider="scenarios" finished-at="2023-10-13T12:15:42 EDT" duration-ms="5216" status="PASS">
          <params>
            <param index="0">
              <value>
                <![CDATA["Testing Types Of LinkedList link in Linked List"]]>
              </value>
            </param>
            <param index="1">
              <value>
                <![CDATA["Verifying Linked List functionalities"]]>
              </value>
            </param>
          </params>
          <reporter-output>
          </reporter-output>
        </test-method> <!-- runScenario -->
        <test-method signature="runScenario(io.cucumber.testng.PickleWrapper,io.cucumber.testng.FeatureWrapper)[pri:0, instance:runner.TestngTestRunner@14f232c4]" started-at="2023-10-13T12:15:42 EDT" name="runScenario" description="Runs Cucumber Scenarios" data-provider="scenarios" finished-at="2023-10-13T12:15:47 EDT" duration-ms="5143" status="PASS">
          <params>
            <param index="0">
              <value>
                <![CDATA["Testing Implement LinkedList in Python link in Linked List"]]>
              </value>
            </param>
            <param index="1">
              <value>
                <![CDATA["Verifying Linked List functionalities"]]>
              </value>
            </param>
          </params>
          <reporter-output>
          </reporter-output>
        </test-method> <!-- runScenario -->
        <test-method signature="runScenario(io.cucumber.testng.PickleWrapper,io.cucumber.testng.FeatureWrapper)[pri:0, instance:runner.TestngTestRunner@14f232c4]" started-at="2023-10-13T12:15:47 EDT" name="runScenario" description="Runs Cucumber Scenarios" data-provider="scenarios" finished-at="2023-10-13T12:15:53 EDT" duration-ms="5078" status="PASS">
          <params>
            <param index="0">
              <value>
                <![CDATA["Testing Traversal link in Linked List"]]>
              </value>
            </param>
            <param index="1">
              <value>
                <![CDATA["Verifying Linked List functionalities"]]>
              </value>
            </param>
          </params>
          <reporter-output>
          </reporter-output>
        </test-method> <!-- runScenario -->
        <test-method signature="runScenario(io.cucumber.testng.PickleWrapper,io.cucumber.testng.FeatureWrapper)[pri:0, instance:runner.TestngTestRunner@14f232c4]" started-at="2023-10-13T12:15:53 EDT" name="runScenario" description="Runs Cucumber Scenarios" data-provider="scenarios" finished-at="2023-10-13T12:15:58 EDT" duration-ms="5023" status="PASS">
          <params>
            <param index="0">
              <value>
                <![CDATA["Testing Insertion link in Linked List"]]>
              </value>
            </param>
            <param index="1">
              <value>
                <![CDATA["Verifying Linked List functionalities"]]>
              </value>
            </param>
          </params>
          <reporter-output>
          </reporter-output>
        </test-method> <!-- runScenario -->
        <test-method signature="runScenario(io.cucumber.testng.PickleWrapper,io.cucumber.testng.FeatureWrapper)[pri:0, instance:runner.TestngTestRunner@14f232c4]" started-at="2023-10-13T12:15:58 EDT" name="runScenario" description="Runs Cucumber Scenarios" data-provider="scenarios" finished-at="2023-10-13T12:16:02 EDT" duration-ms="4790" status="PASS">
          <params>
            <param index="0">
              <value>
                <![CDATA["Testing Deletion link in Linked List"]]>
              </value>
            </param>
            <param index="1">
              <value>
                <![CDATA["Verifying Linked List functionalities"]]>
              </value>
            </param>
          </params>
          <reporter-output>
          </reporter-output>
        </test-method> <!-- runScenario -->
        <test-method signature="runScenario(io.cucumber.testng.PickleWrapper,io.cucumber.testng.FeatureWrapper)[pri:0, instance:runner.TestngTestRunner@14f232c4]" started-at="2023-10-13T12:16:02 EDT" name="runScenario" description="Runs Cucumber Scenarios" data-provider="scenarios" finished-at="2023-10-13T12:16:09 EDT" duration-ms="6551" status="PASS">
          <params>
            <param index="0">
              <value>
                <![CDATA["Testing Operations in Stack link of Stack"]]>
              </value>
            </param>
            <param index="1">
              <value>
                <![CDATA["Verifying Stack functionalities"]]>
              </value>
            </param>
          </params>
          <reporter-output>
          </reporter-output>
        </test-method> <!-- runScenario -->
        <test-method signature="runScenario(io.cucumber.testng.PickleWrapper,io.cucumber.testng.FeatureWrapper)[pri:0, instance:runner.TestngTestRunner@14f232c4]" started-at="2023-10-13T12:16:09 EDT" name="runScenario" description="Runs Cucumber Scenarios" data-provider="scenarios" finished-at="2023-10-13T12:16:16 EDT" duration-ms="6618" status="PASS">
          <params>
            <param index="0">
              <value>
                <![CDATA["Testing Creating Implementation link in Stack"]]>
              </value>
            </param>
            <param index="1">
              <value>
                <![CDATA["Verifying Stack functionalities"]]>
              </value>
            </param>
          </params>
          <reporter-output>
          </reporter-output>
        </test-method> <!-- runScenario -->
        <test-method signature="runScenario(io.cucumber.testng.PickleWrapper,io.cucumber.testng.FeatureWrapper)[pri:0, instance:runner.TestngTestRunner@14f232c4]" started-at="2023-10-13T12:16:16 EDT" name="runScenario" description="Runs Cucumber Scenarios" data-provider="scenarios" finished-at="2023-10-13T12:16:21 EDT" duration-ms="5059" status="PASS">
          <params>
            <param index="0">
              <value>
                <![CDATA["Testing Applications in Stack"]]>
              </value>
            </param>
            <param index="1">
              <value>
                <![CDATA["Verifying Stack functionalities"]]>
              </value>
            </param>
          </params>
          <reporter-output>
          </reporter-output>
        </test-method> <!-- runScenario -->
        <test-method signature="runScenario(io.cucumber.testng.PickleWrapper,io.cucumber.testng.FeatureWrapper)[pri:0, instance:runner.TestngTestRunner@14f232c4]" started-at="2023-10-13T12:16:21 EDT" name="runScenario" description="Runs Cucumber Scenarios" data-provider="scenarios" finished-at="2023-10-13T12:16:25 EDT" duration-ms="4874" status="PASS">
          <params>
            <param index="0">
              <value>
                <![CDATA["Testing Operations in Implementation of Queue in Python link of Queue"]]>
              </value>
            </param>
            <param index="1">
              <value>
                <![CDATA["Verifying Queue functionalities"]]>
              </value>
            </param>
          </params>
          <reporter-output>
          </reporter-output>
        </test-method> <!-- runScenario -->
        <test-method signature="runScenario(io.cucumber.testng.PickleWrapper,io.cucumber.testng.FeatureWrapper)[pri:0, instance:runner.TestngTestRunner@14f232c4]" started-at="2023-10-13T12:16:25 EDT" name="runScenario" description="Runs Cucumber Scenarios" data-provider="scenarios" finished-at="2023-10-13T12:16:31 EDT" duration-ms="5305" status="PASS">
          <params>
            <param index="0">
              <value>
                <![CDATA["Testing Creating Implementationusingcollectionsdeque in Queue"]]>
              </value>
            </param>
            <param index="1">
              <value>
                <![CDATA["Verifying Queue functionalities"]]>
              </value>
            </param>
          </params>
          <reporter-output>
          </reporter-output>
        </test-method> <!-- runScenario -->
        <test-method signature="runScenario(io.cucumber.testng.PickleWrapper,io.cucumber.testng.FeatureWrapper)[pri:0, instance:runner.TestngTestRunner@14f232c4]" started-at="2023-10-13T12:16:31 EDT" name="runScenario" description="Runs Cucumber Scenarios" data-provider="scenarios" finished-at="2023-10-13T12:16:36 EDT" duration-ms="4765" status="PASS">
          <params>
            <param index="0">
              <value>
                <![CDATA["Testing Implementationusingarray in Queue"]]>
              </value>
            </param>
            <param index="1">
              <value>
                <![CDATA["Verifying Queue functionalities"]]>
              </value>
            </param>
          </params>
          <reporter-output>
          </reporter-output>
        </test-method> <!-- runScenario -->
        <test-method signature="runScenario(io.cucumber.testng.PickleWrapper,io.cucumber.testng.FeatureWrapper)[pri:0, instance:runner.TestngTestRunner@14f232c4]" started-at="2023-10-13T12:16:36 EDT" name="runScenario" description="Runs Cucumber Scenarios" data-provider="scenarios" finished-at="2023-10-13T12:16:41 EDT" duration-ms="5280" status="PASS">
          <params>
            <param index="0">
              <value>
                <![CDATA["Testing QueueOperations in Queue"]]>
              </value>
            </param>
            <param index="1">
              <value>
                <![CDATA["Verifying Queue functionalities"]]>
              </value>
            </param>
          </params>
          <reporter-output>
          </reporter-output>
        </test-method> <!-- runScenario -->
        <test-method signature="runScenario(io.cucumber.testng.PickleWrapper,io.cucumber.testng.FeatureWrapper)[pri:0, instance:runner.TestngTestRunner@14f232c4]" started-at="2023-10-13T12:16:41 EDT" name="runScenario" description="Runs Cucumber Scenarios" data-provider="scenarios" finished-at="2023-10-13T12:16:46 EDT" duration-ms="5636" status="PASS">
          <params>
            <param index="0">
              <value>
                <![CDATA["Testing OverviewofTrees"]]>
              </value>
            </param>
            <param index="1">
              <value>
                <![CDATA["Verifying Tree functionalities"]]>
              </value>
            </param>
          </params>
          <reporter-output>
          </reporter-output>
        </test-method> <!-- runScenario -->
        <test-method signature="runScenario(io.cucumber.testng.PickleWrapper,io.cucumber.testng.FeatureWrapper)[pri:0, instance:runner.TestngTestRunner@14f232c4]" started-at="2023-10-13T12:16:46 EDT" name="runScenario" description="Runs Cucumber Scenarios" data-provider="scenarios" finished-at="2023-10-13T12:16:51 EDT" duration-ms="4895" status="PASS">
          <params>
            <param index="0">
              <value>
                <![CDATA["Testing Terminologies link in Tree"]]>
              </value>
            </param>
            <param index="1">
              <value>
                <![CDATA["Verifying Tree functionalities"]]>
              </value>
            </param>
          </params>
          <reporter-output>
          </reporter-output>
        </test-method> <!-- runScenario -->
        <test-method signature="runScenario(io.cucumber.testng.PickleWrapper,io.cucumber.testng.FeatureWrapper)[pri:0, instance:runner.TestngTestRunner@14f232c4]" started-at="2023-10-13T12:16:51 EDT" name="runScenario" description="Runs Cucumber Scenarios" data-provider="scenarios" finished-at="2023-10-13T12:16:57 EDT" duration-ms="5236" status="PASS">
          <params>
            <param index="0">
              <value>
                <![CDATA["Testing TypesofTrees in Tree"]]>
              </value>
            </param>
            <param index="1">
              <value>
                <![CDATA["Verifying Tree functionalities"]]>
              </value>
            </param>
          </params>
          <reporter-output>
          </reporter-output>
        </test-method> <!-- runScenario -->
        <test-method signature="runScenario(io.cucumber.testng.PickleWrapper,io.cucumber.testng.FeatureWrapper)[pri:0, instance:runner.TestngTestRunner@14f232c4]" started-at="2023-10-13T12:16:57 EDT" name="runScenario" description="Runs Cucumber Scenarios" data-provider="scenarios" finished-at="2023-10-13T12:17:01 EDT" duration-ms="4895" status="PASS">
          <params>
            <param index="0">
              <value>
                <![CDATA["Testing TreeTraversals in Tree"]]>
              </value>
            </param>
            <param index="1">
              <value>
                <![CDATA["Verifying Tree functionalities"]]>
              </value>
            </param>
          </params>
          <reporter-output>
          </reporter-output>
        </test-method> <!-- runScenario -->
        <test-method signature="runScenario(io.cucumber.testng.PickleWrapper,io.cucumber.testng.FeatureWrapper)[pri:0, instance:runner.TestngTestRunner@14f232c4]" started-at="2023-10-13T12:17:01 EDT" name="runScenario" description="Runs Cucumber Scenarios" data-provider="scenarios" finished-at="2023-10-13T12:17:09 EDT" duration-ms="7590" status="PASS">
          <params>
            <param index="0">
              <value>
                <![CDATA["Testing TraversalsIllustration in Tree"]]>
              </value>
            </param>
            <param index="1">
              <value>
                <![CDATA["Verifying Tree functionalities"]]>
              </value>
            </param>
          </params>
          <reporter-output>
          </reporter-output>
        </test-method> <!-- runScenario -->
        <test-method signature="runScenario(io.cucumber.testng.PickleWrapper,io.cucumber.testng.FeatureWrapper)[pri:0, instance:runner.TestngTestRunner@14f232c4]" started-at="2023-10-13T12:17:09 EDT" name="runScenario" description="Runs Cucumber Scenarios" data-provider="scenarios" finished-at="2023-10-13T12:17:14 EDT" duration-ms="5358" status="PASS">
          <params>
            <param index="0">
              <value>
                <![CDATA["Testing BinaryTrees in Tree"]]>
              </value>
            </param>
            <param index="1">
              <value>
                <![CDATA["Verifying Tree functionalities"]]>
              </value>
            </param>
          </params>
          <reporter-output>
          </reporter-output>
        </test-method> <!-- runScenario -->
        <test-method signature="runScenario(io.cucumber.testng.PickleWrapper,io.cucumber.testng.FeatureWrapper)[pri:0, instance:runner.TestngTestRunner@14f232c4]" started-at="2023-10-13T12:17:14 EDT" name="runScenario" description="Runs Cucumber Scenarios" data-provider="scenarios" finished-at="2023-10-13T12:17:19 EDT" duration-ms="4933" status="PASS">
          <params>
            <param index="0">
              <value>
                <![CDATA["Testing TypesofBinaryTrees in Tree"]]>
              </value>
            </param>
            <param index="1">
              <value>
                <![CDATA["Verifying Tree functionalities"]]>
              </value>
            </param>
          </params>
          <reporter-output>
          </reporter-output>
        </test-method> <!-- runScenario -->
        <test-method signature="runScenario(io.cucumber.testng.PickleWrapper,io.cucumber.testng.FeatureWrapper)[pri:0, instance:runner.TestngTestRunner@14f232c4]" started-at="2023-10-13T12:17:19 EDT" name="runScenario" description="Runs Cucumber Scenarios" data-provider="scenarios" finished-at="2023-10-13T12:17:24 EDT" duration-ms="5068" status="PASS">
          <params>
            <param index="0">
              <value>
                <![CDATA["Testing ImplementationinPython in Tree"]]>
              </value>
            </param>
            <param index="1">
              <value>
                <![CDATA["Verifying Tree functionalities"]]>
              </value>
            </param>
          </params>
          <reporter-output>
          </reporter-output>
        </test-method> <!-- runScenario -->
        <test-method signature="runScenario(io.cucumber.testng.PickleWrapper,io.cucumber.testng.FeatureWrapper)[pri:0, instance:runner.TestngTestRunner@14f232c4]" started-at="2023-10-13T12:17:24 EDT" name="runScenario" description="Runs Cucumber Scenarios" data-provider="scenarios" finished-at="2023-10-13T12:17:29 EDT" duration-ms="4929" status="PASS">
          <params>
            <param index="0">
              <value>
                <![CDATA["Testing BinaryTreeTraversals in Tree"]]>
              </value>
            </param>
            <param index="1">
              <value>
                <![CDATA["Verifying Tree functionalities"]]>
              </value>
            </param>
          </params>
          <reporter-output>
          </reporter-output>
        </test-method> <!-- runScenario -->
        <test-method signature="runScenario(io.cucumber.testng.PickleWrapper,io.cucumber.testng.FeatureWrapper)[pri:0, instance:runner.TestngTestRunner@14f232c4]" started-at="2023-10-13T12:17:29 EDT" name="runScenario" description="Runs Cucumber Scenarios" data-provider="scenarios" finished-at="2023-10-13T12:17:35 EDT" duration-ms="5213" status="PASS">
          <params>
            <param index="0">
              <value>
                <![CDATA["Testing ImplementationofBinaryTrees in Tree"]]>
              </value>
            </param>
            <param index="1">
              <value>
                <![CDATA["Verifying Tree functionalities"]]>
              </value>
            </param>
          </params>
          <reporter-output>
          </reporter-output>
        </test-method> <!-- runScenario -->
        <test-method signature="runScenario(io.cucumber.testng.PickleWrapper,io.cucumber.testng.FeatureWrapper)[pri:0, instance:runner.TestngTestRunner@14f232c4]" started-at="2023-10-13T12:17:35 EDT" name="runScenario" description="Runs Cucumber Scenarios" data-provider="scenarios" finished-at="2023-10-13T12:17:39 EDT" duration-ms="4400" status="PASS">
          <params>
            <param index="0">
              <value>
                <![CDATA["Testing ApplicationsofBinaryTrees in Tree"]]>
              </value>
            </param>
            <param index="1">
              <value>
                <![CDATA["Verifying Tree functionalities"]]>
              </value>
            </param>
          </params>
          <reporter-output>
          </reporter-output>
        </test-method> <!-- runScenario -->
        <test-method signature="runScenario(io.cucumber.testng.PickleWrapper,io.cucumber.testng.FeatureWrapper)[pri:0, instance:runner.TestngTestRunner@14f232c4]" started-at="2023-10-13T12:17:39 EDT" name="runScenario" description="Runs Cucumber Scenarios" data-provider="scenarios" finished-at="2023-10-13T12:17:44 EDT" duration-ms="5394" status="PASS">
          <params>
            <param index="0">
              <value>
                <![CDATA["Testing BinarySearchTrees in Tree"]]>
              </value>
            </param>
            <param index="1">
              <value>
                <![CDATA["Verifying Tree functionalities"]]>
              </value>
            </param>
          </params>
          <reporter-output>
          </reporter-output>
        </test-method> <!-- runScenario -->
        <test-method signature="runScenario(io.cucumber.testng.PickleWrapper,io.cucumber.testng.FeatureWrapper)[pri:0, instance:runner.TestngTestRunner@14f232c4]" started-at="2023-10-13T12:17:44 EDT" name="runScenario" description="Runs Cucumber Scenarios" data-provider="scenarios" finished-at="2023-10-13T12:17:49 EDT" duration-ms="4871" status="PASS">
          <params>
            <param index="0">
              <value>
                <![CDATA["Testing ImplementationofBST in Tree"]]>
              </value>
            </param>
            <param index="1">
              <value>
                <![CDATA["Verifying Tree functionalities"]]>
              </value>
            </param>
          </params>
          <reporter-output>
          </reporter-output>
        </test-method> <!-- runScenario -->
        <test-method signature="runScenario(io.cucumber.testng.PickleWrapper,io.cucumber.testng.FeatureWrapper)[pri:0, instance:runner.TestngTestRunner@14f232c4]" started-at="2023-10-13T12:17:49 EDT" name="runScenario" description="Runs Cucumber Scenarios" data-provider="scenarios" finished-at="2023-10-13T12:17:54 EDT" duration-ms="4852" status="PASS">
          <params>
            <param index="0">
              <value>
                <![CDATA["Testing Graph"]]>
              </value>
            </param>
            <param index="1">
              <value>
                <![CDATA["Verifying Graph functionalities"]]>
              </value>
            </param>
          </params>
          <reporter-output>
          </reporter-output>
        </test-method> <!-- runScenario -->
        <test-method signature="runScenario(io.cucumber.testng.PickleWrapper,io.cucumber.testng.FeatureWrapper)[pri:0, instance:runner.TestngTestRunner@14f232c4]" started-at="2023-10-13T12:17:54 EDT" name="runScenario" description="Runs Cucumber Scenarios" data-provider="scenarios" finished-at="2023-10-13T12:17:59 EDT" duration-ms="4816" status="PASS">
          <params>
            <param index="0">
              <value>
                <![CDATA["Testing GraphRepresentations"]]>
              </value>
            </param>
            <param index="1">
              <value>
                <![CDATA["Verifying Graph functionalities"]]>
              </value>
            </param>
          </params>
          <reporter-output>
          </reporter-output>
        </test-method> <!-- runScenario -->
        <test-method signature="runScenario(io.cucumber.testng.PickleWrapper,io.cucumber.testng.FeatureWrapper)[pri:0, instance:runner.TestngTestRunner@14f232c4]" started-at="2023-10-13T12:17:59 EDT" name="runScenario" description="Runs Cucumber Scenarios" data-provider="scenarios" finished-at="2023-10-13T12:18:02 EDT" duration-ms="3368" status="PASS">
          <params>
            <param index="0">
              <value>
                <![CDATA["Verifying Signout link"]]>
              </value>
            </param>
            <param index="1">
              <value>
                <![CDATA["Automating Signout functionalities"]]>
              </value>
            </param>
          </params>
          <reporter-output>
          </reporter-output>
        </test-method> <!-- runScenario -->
        <test-method is-config="true" signature="tearDownClass()[pri:0, instance:runner.TestngTestRunner@14f232c4]" started-at="2023-10-13T12:18:02 EDT" name="tearDownClass" finished-at="2023-10-13T12:18:02 EDT" duration-ms="180" status="PASS">
          <reporter-output>
          </reporter-output>
        </test-method> <!-- tearDownClass -->
      </class> <!-- runner.TestngTestRunner -->
    </test> <!-- CucumberTest -->
  </suite> <!-- DS_Algo_Suite -->
</testng-results>
